log started: Mon Dec 23 12:53:26 2019

Log file: ./leap.log
>> #
>> # ----- leaprc for loading the ff14SB force field
>> # ----- NOTE: this is designed for PDB format 3!
>> #    Uses frcmod.ff14SB for proteins; ff99bsc0 for DNA; ff99bsc0_chiOL3 for RNA
>> #
>> #	load atom type hybridizations
>> #
>> addAtomTypes {
>> 	{ "H"   "H" "sp3" }
>> 	{ "HO"  "H" "sp3" }
>> 	{ "HS"  "H" "sp3" }
>> 	{ "H1"  "H" "sp3" }
>> 	{ "H2"  "H" "sp3" }
>> 	{ "H3"  "H" "sp3" }
>> 	{ "H4"  "H" "sp3" }
>> 	{ "H5"  "H" "sp3" }
>> 	{ "HW"  "H" "sp3" }
>> 	{ "HC"  "H" "sp3" }
>> 	{ "HA"  "H" "sp3" }
>> 	{ "HP"  "H" "sp3" }
>> 	{ "HZ"  "H" "sp3" }
>> 	{ "OH"  "O" "sp3" }
>> 	{ "OS"  "O" "sp3" }
>> 	{ "O"   "O" "sp2" }
>> 	{ "O2"  "O" "sp2" }
>> 	{ "OP"  "O" "sp2" }
>> 	{ "OW"  "O" "sp3" }
>> 	{ "CT"  "C" "sp3" }
>> 	{ "CX"  "C" "sp3" }
>> 	{ "C8"  "C" "sp3" }
>> 	{ "2C"  "C" "sp3" }
>> 	{ "3C"  "C" "sp3" }
>> 	{ "CH"  "C" "sp3" }
>> 	{ "CS"  "C" "sp2" }
>> 	{ "C"   "C" "sp2" }
>> 	{ "CO"   "C" "sp2" }
>> 	{ "C*"  "C" "sp2" }
>> 	{ "CA"  "C" "sp2" }
>> 	{ "CB"  "C" "sp2" }
>> 	{ "CC"  "C" "sp2" }
>> 	{ "CN"  "C" "sp2" }
>> 	{ "CM"  "C" "sp2" }
>> 	{ "CK"  "C" "sp2" }
>> 	{ "CQ"  "C" "sp2" }
>> 	{ "CD"  "C" "sp2" }
>> 	{ "C5"  "C" "sp2" }
>> 	{ "C4"  "C" "sp2" }
>> 	{ "CP"  "C" "sp2" }
>> 	{ "CI"  "C" "sp3" }
>> 	{ "CJ"  "C" "sp2" }
>> 	{ "CW"  "C" "sp2" }
>> 	{ "CV"  "C" "sp2" }
>> 	{ "CR"  "C" "sp2" }
>> 	{ "CA"  "C" "sp2" }
>> 	{ "CY"  "C" "sp2" }
>> 	{ "C0"  "Ca" "sp3" }
>> 	{ "MG"  "Mg" "sp3" }
>> 	{ "N"   "N" "sp2" }
>> 	{ "NA"  "N" "sp2" }
>> 	{ "N2"  "N" "sp2" }
>> 	{ "N*"  "N" "sp2" }
>> 	{ "NP"  "N" "sp2" }
>> 	{ "NQ"  "N" "sp2" }
>> 	{ "NB"  "N" "sp2" }
>> 	{ "NC"  "N" "sp2" }
>> 	{ "NT"  "N" "sp3" }
>> 	{ "NY"  "N" "sp2" }
>> 	{ "N3"  "N" "sp3" }
>> 	{ "S"   "S" "sp3" }
>> 	{ "SH"  "S" "sp3" }
>> 	{ "P"   "P" "sp3" }
>> 	{ "LP"  ""  "sp3" }
>> 	{ "EP"  ""  "sp3" }
>> 	{ "F"   "F" "sp3" }
>> 	{ "Cl"  "Cl" "sp3" }
>> 	{ "Br"  "Br" "sp3" }
>> 	{ "I"   "I"  "sp3" }
>> 	{ "F-"   "F" "sp3" }
>> 	{ "Cl-"  "Cl" "sp3" }
>> 	{ "Br-"  "Br" "sp3" }
>> 	{ "I-"   "I"  "sp3" }
>> 	{ "Li+"  "Li"  "sp3" }
>> 	{ "Na+"  "Na"  "sp3" }
>> 	{ "K+"  "K"  "sp3" }
>> 	{ "Rb+"  "Rb"  "sp3" }
>> 	{ "Cs+"  "Cs"  "sp3" }
>> 	{ "Mg+"  "Mg"  "sp3" }
>> # glycam
>> 	{ "OG"  "O" "sp3" }
>> 	{ "OL"  "O" "sp3" }
>> 	{ "AC"  "C" "sp3" }
>> 	{ "EC"  "C" "sp3" }
>> }
>> #
>> #	Load the main parameter set.
>> #
>> parm10 = loadamberparams parm10.dat
Loading parameters: /home/guoj1/miniconda3/envs/sams/bin/../dat/leap/parm/parm10.dat
Reading title:
PARM99 + frcmod.ff99SB + frcmod.parmbsc0 + OL3 for RNA
(UNKNOWN ATOM TYPE: Zn)
(UNKNOWN ATOM TYPE: EP)
>> frcmod14SB = loadamberparams frcmod.ff14SB
Loading parameters: /home/guoj1/miniconda3/envs/sams/bin/../dat/leap/parm/frcmod.ff14SB
Reading force field modification type file (frcmod)
Reading title:
ff14SB protein backbone and sidechain parameters
>> #
>> #	Load main chain and terminating amino acid libraries, nucleic acids
>> #
>> loadOff amino12.lib
Loading library: /home/guoj1/miniconda3/envs/sams/bin/../dat/leap/lib/amino12.lib
Loading: ALA
Loading: ARG
Loading: ASH
Loading: ASN
Loading: ASP
Loading: CYM
Loading: CYS
Loading: CYX
Loading: GLH
Loading: GLN
Loading: GLU
Loading: GLY
Loading: HID
Loading: HIE
Loading: HIP
Loading: HYP
Loading: ILE
Loading: LEU
Loading: LYN
Loading: LYS
Loading: MET
Loading: PHE
Loading: PRO
Loading: SER
Loading: THR
Loading: TRP
Loading: TYR
Loading: VAL
>> loadOff aminoct12.lib
Loading library: /home/guoj1/miniconda3/envs/sams/bin/../dat/leap/lib/aminoct12.lib
Loading: CALA
Loading: CARG
Loading: CASN
Loading: CASP
Loading: CCYS
Loading: CCYX
Loading: CGLN
Loading: CGLU
Loading: CGLY
Loading: CHID
Loading: CHIE
Loading: CHIP
Loading: CHYP
Loading: CILE
Loading: CLEU
Loading: CLYS
Loading: CMET
Loading: CPHE
Loading: CPRO
Loading: CSER
Loading: CTHR
Loading: CTRP
Loading: CTYR
Loading: CVAL
Loading: NHE
Loading: NME
>> loadOff aminont12.lib
Loading library: /home/guoj1/miniconda3/envs/sams/bin/../dat/leap/lib/aminont12.lib
Loading: ACE
Loading: NALA
Loading: NARG
Loading: NASN
Loading: NASP
Loading: NCYS
Loading: NCYX
Loading: NGLN
Loading: NGLU
Loading: NGLY
Loading: NHID
Loading: NHIE
Loading: NHIP
Loading: NILE
Loading: NLEU
Loading: NLYS
Loading: NMET
Loading: NPHE
Loading: NPRO
Loading: NSER
Loading: NTHR
Loading: NTRP
Loading: NTYR
Loading: NVAL
>> loadOff nucleic12.lib
Loading library: /home/guoj1/miniconda3/envs/sams/bin/../dat/leap/lib/nucleic12.lib
Loading: A
Loading: A3
Loading: A5
Loading: AN
Loading: C
Loading: C3
Loading: C5
Loading: CN
Loading: DA
Loading: DA3
Loading: DA5
Loading: DAN
Loading: DC
Loading: DC3
Loading: DC5
Loading: DCN
Loading: DG
Loading: DG3
Loading: DG5
Loading: DGN
Loading: DT
Loading: DT3
Loading: DT5
Loading: DTN
Loading: G
Loading: G3
Loading: G5
Loading: GN
Loading: OHE
Loading: U
Loading: U3
Loading: U5
Loading: UN
>> #
>> #       Load water and ions
>> # 
>> loadOff atomic_ions.lib
Loading library: /home/guoj1/miniconda3/envs/sams/bin/../dat/leap/lib/atomic_ions.lib
Loading: AG
Loading: AL
Loading: Ag
Loading: BA
Loading: BR
Loading: Be
Loading: CA
Loading: CD
Loading: CE
Loading: CL
Loading: CO
Loading: CR
Loading: CS
Loading: CU
Loading: CU1
Loading: Ce
Loading: Cl-
Loading: Cr
Loading: Dy
Loading: EU
Loading: EU3
Loading: Er
Loading: F
Loading: FE
Loading: FE2
Loading: GD3
Loading: H3O+
Loading: HE+
Loading: HG
Loading: HZ+
Loading: Hf
Loading: IN
Loading: IOD
Loading: K
Loading: K+
Loading: LA
Loading: LI
Loading: LU
Loading: MG
Loading: MN
Loading: NA
Loading: NH4
Loading: NI
Loading: Na+
Loading: Nd
Loading: PB
Loading: PD
Loading: PR
Loading: PT
Loading: Pu
Loading: RB
Loading: Ra
Loading: SM
Loading: SR
Loading: Sm
Loading: Sn
Loading: TB
Loading: TL
Loading: Th
Loading: Tl
Loading: Tm
Loading: U4+
Loading: V2+
Loading: Y
Loading: YB2
Loading: ZN
Loading: Zr
>> loadOff solvents.lib
Loading library: /home/guoj1/miniconda3/envs/sams/bin/../dat/leap/lib/solvents.lib
Loading: CHCL3BOX
Loading: DC4
Loading: FB3
Loading: FB3BOX
Loading: FB4
Loading: FB4BOX
Loading: MEOHBOX
Loading: NMABOX
Loading: OPC
Loading: OPCBOX
Loading: PL3
Loading: POL3BOX
Loading: QSPCFWBOX
Loading: SPC
Loading: SPCBOX
Loading: SPCFWBOX
Loading: SPF
Loading: SPG
Loading: T4E
Loading: TIP3PBOX
Loading: TIP3PFBOX
Loading: TIP4PBOX
Loading: TIP4PEWBOX
Loading: TIP5PBOX
Loading: TP3
Loading: TP4
Loading: TP5
Loading: TPF
>> HOH = TP3
>> WAT = TP3
>> 
>> #
>> #	Define the PDB name map for the amino acids and nucleic acids
>> #
>> addPdbResMap {
>>   { 0 "HYP" "NHYP" } { 1 "HYP" "CHYP" }
>>   { 0 "ALA" "NALA" } { 1 "ALA" "CALA" }
>>   { 0 "ARG" "NARG" } { 1 "ARG" "CARG" }
>>   { 0 "ASN" "NASN" } { 1 "ASN" "CASN" }
>>   { 0 "ASP" "NASP" } { 1 "ASP" "CASP" }
>>   { 0 "CYS" "NCYS" } { 1 "CYS" "CCYS" }
>>   { 0 "CYX" "NCYX" } { 1 "CYX" "CCYX" }
>>   { 0 "GLN" "NGLN" } { 1 "GLN" "CGLN" }
>>   { 0 "GLU" "NGLU" } { 1 "GLU" "CGLU" }
>>   { 0 "GLY" "NGLY" } { 1 "GLY" "CGLY" }
>>   { 0 "HID" "NHID" } { 1 "HID" "CHID" }
>>   { 0 "HIE" "NHIE" } { 1 "HIE" "CHIE" }
>>   { 0 "HIP" "NHIP" } { 1 "HIP" "CHIP" }
>>   { 0 "ILE" "NILE" } { 1 "ILE" "CILE" }
>>   { 0 "LEU" "NLEU" } { 1 "LEU" "CLEU" }
>>   { 0 "LYS" "NLYS" } { 1 "LYS" "CLYS" }
>>   { 0 "MET" "NMET" } { 1 "MET" "CMET" }
>>   { 0 "PHE" "NPHE" } { 1 "PHE" "CPHE" }
>>   { 0 "PRO" "NPRO" } { 1 "PRO" "CPRO" }
>>   { 0 "SER" "NSER" } { 1 "SER" "CSER" }
>>   { 0 "THR" "NTHR" } { 1 "THR" "CTHR" }
>>   { 0 "TRP" "NTRP" } { 1 "TRP" "CTRP" }
>>   { 0 "TYR" "NTYR" } { 1 "TYR" "CTYR" }
>>   { 0 "VAL" "NVAL" } { 1 "VAL" "CVAL" }
>>   { 0 "HIS" "NHIS" } { 1 "HIS" "CHIS" }
>>   { 0 "G" "G5"  } { 1 "G" "G3"  } 
>>   { 0 "A" "A5"  } { 1 "A" "A3"  } 
>>   { 0 "C" "C5"  } { 1 "C" "C3"  } 
>>   { 0 "U" "U5"  } { 1 "U" "U3"  } 
>>   { 0 "DG" "DG5"  } { 1 "DG" "DG3"  }  
>>   { 0 "DA" "DA5"  } { 1 "DA" "DA3"  }  
>>   { 0 "DC" "DC5"  } { 1 "DC" "DC3"  }  
>>   { 0 "DT" "DT5"  } { 1 "DT" "DT3"  }  
>> #  some old Amber residue names for RNA:
>>   { 0  "RA5" "A5" } { 1 "RA3" "A3"} {"RA" "A" }
>>   { 0  "RC5" "C5" } { 1 "RC3" "C3"} {"RC" "C" }
>>   { 0  "RG5" "G5" } { 1 "RG3" "G3"} {"RG" "G" }
>>   { 0  "RU5" "U5" } { 1 "RU3" "U3"} {"RU" "U" }
>> #  some really old Amber residue names, assuming DNA:
>>   { 0 "GUA" "DG5"  } { 1 "GUA" "DG3"  } { "GUA" "DG" }
>>   { 0 "ADE" "DA5"  } { 1 "ADE" "DA3"  } { "ADE" "DA" }
>>   { 0 "CYT" "DC5"  } { 1 "CYT" "DC3"  } { "CYT" "DC" }
>>   { 0 "THY" "DT5"  } { 1 "THY" "DT3"  } { "THY" "DT" }
>> #  uncomment out the following if you have this old style RNA files:
>> # { 0 "GUA" "G5"  } { 1 "GUA" "G3"  } { "GUA" "G" }
>> # { 0 "ADE" "A5"  } { 1 "ADE" "A3"  } { "ADE" "A" }
>> # { 0 "CYT" "C5"  } { 1 "CYT" "C3"  } { "CYT" "C" }
>> # { 0 "URA" "R5"  } { 1 "URA" "R3"  } { "URA" "R" }
>> 
>> }
>> 
>> #  try to be good about reading in really old atom names as well:
>> addPdbAtomMap {
>>   { "O5*" "O5'" }
>>   { "C5*" "C5'" }
>>   { "C4*" "C4'" }
>>   { "O4*" "O4'" }
>>   { "C3*" "C3'" }
>>   { "O3*" "O3'" }
>>   { "C2*" "C2'" }
>>   { "O2*" "O2'" }
>>   { "C1*" "C1'" }
>>   { "C5M" "C7"  }
>>   { "H1*" "H1'" }
>>   { "H2*1" "H2'" }
>>   { "H2*2" "H2''" }
>>   { "H2'1" "H2'" }
>>   { "H2'2" "H2''" }
>>   { "H3*" "H3'" }
>>   { "H4*" "H4'" }
>>   { "H5*1" "H5'" }
>>   { "H5*2" "H5''" }
>>   { "H5'1" "H5'" }
>>   { "H5'2" "H5''" }
>>   { "HO'2" "HO2'" }
>>   { "H5T"  "HO5'" }
>>   { "H3T"  "HO3'" }
>>   { "O1'" "O4'" }
>>   { "OA"  "OP1" }
>>   { "OB"  "OP2" }
>>   { "O1P" "OP1" }
>>   { "O2P" "OP2" }
>> }
>> 
>> #
>> # assume that most often proteins use HIE
>> #
>> NHIS = NHIE
>> HIS = HIE
>> CHIS = CHIE
>> 
> 
> loadamberparams frcmod.ionsjc_tip3p
Loading parameters: /home/guoj1/miniconda3/envs/sams/bin/../dat/leap/parm/frcmod.ionsjc_tip3p
Reading force field modification type file (frcmod)
Reading title:
Monovalent ion parameters for Ewald and TIP3P water from Joung & Cheatham JPCB (2008)
> source leaprc.gaff
----- Source: /home/guoj1/miniconda3/envs/sams/bin/../dat/leap/cmd/leaprc.gaff
----- Source of /home/guoj1/miniconda3/envs/sams/bin/../dat/leap/cmd/leaprc.gaff done
>> logFile leap.log
log started: Mon Dec 23 12:53:26 2019

Log file: ./leap.log
>> #
>> # ----- leaprc for loading the general Amber Force field.
>> #       This file is mostly for use with Antechamber
>> #
>> #	load atom type hybridizations
>> #
>> addAtomTypes {
>> 	{ "h1"  "H" "sp3" }
>> 	{ "h2"  "H" "sp3" }
>> 	{ "h3"  "H" "sp3" }
>> 	{ "h4"  "H" "sp3" }
>> 	{ "h5"  "H" "sp3" }
>> 	{ "ha"  "H" "sp3" }
>> 	{ "hc"  "H" "sp3" }
>> 	{ "hn"  "H" "sp3" }
>> 	{ "ho"  "H" "sp3" }
>> 	{ "hp"  "H" "sp3" }
>> 	{ "hs"  "H" "sp3" }
>> 	{ "hw"  "H" "sp3" }
>> 	{ "hx"  "H" "sp3" }
>> 	{ "o"  "O" "sp2" }
>> 	{ "o2"  "O" "sp2" }
>> 	{ "oh"  "O" "sp3" }
>> 	{ "os"  "O" "sp3" }
>> 	{ "ow"  "O" "sp3" }
>> 	{ "c"  "C" "sp2" }
>> 	{ "c1"  "C" "sp2" }
>> 	{ "c2"  "C" "sp2" }
>> 	{ "c3"  "C" "sp3" }
>> 	{ "ca"  "C" "sp2" }
>> 	{ "cc"  "C" "sp2" }
>> 	{ "cd"  "C" "sp2" }
>> 	{ "ce"  "C" "sp2" }
>> 	{ "cf"  "C" "sp2" }
>> 	{ "cg"  "C" "sp2" }
>> 	{ "ch"  "C" "sp2" }
>> 	{ "cp"  "C" "sp2" }
>> 	{ "cq"  "C" "sp2" }
>> 	{ "cu"  "C" "sp2" }
>> 	{ "cv"  "C" "sp2" }
>> 	{ "cx"  "C" "sp2" }
>> 	{ "cy"  "C" "sp2" }
>> 	{ "cz"  "C" "sp2" }
>> 	{ "n"   "N" "sp2" }
>> 	{ "n1"  "N" "sp2" }
>> 	{ "n2"  "N" "sp2" }
>> 	{ "n3"  "N" "sp3" }
>> 	{ "n4"  "N" "sp3" }
>> 	{ "na"  "N" "sp2" }
>> 	{ "nb"  "N" "sp2" }
>> 	{ "nc"  "N" "sp2" }
>> 	{ "nd"  "N" "sp2" }
>> 	{ "ne"  "N" "sp2" }
>> 	{ "nf"  "N" "sp2" }
>> 	{ "nh"  "N" "sp2" }
>> 	{ "no"  "N" "sp2" }
>> 	{ "s"   "S" "sp2" }
>> 	{ "s2"   "S" "sp2" }
>> 	{ "s3"   "S" "sp3" }
>> 	{ "s4"   "S" "sp3" }
>> 	{ "s6"   "S" "sp3" }
>> 	{ "sh"   "S" "sp3" }
>> 	{ "ss"   "S" "sp3" }
>> 	{ "sx"   "S" "sp3" }
>> 	{ "sy"   "S" "sp3" }
>> 	{ "p2"   "P" "sp2" }
>> 	{ "p3"   "P" "sp3" }
>> 	{ "p4"   "P" "sp3" }
>> 	{ "p5"   "P" "sp3" }
>> 	{ "pb"   "P" "sp3" }
>> 	{ "pc"   "P" "sp3" }
>> 	{ "pd"   "P" "sp3" }
>> 	{ "pe"   "P" "sp3" }
>> 	{ "pf"   "P" "sp3" }
>> 	{ "px"   "P" "sp3" }
>> 	{ "py"   "P" "sp3" }
>> 	{ "f"   "F" "sp3" }
>> 	{ "cl"  "Cl" "sp3" }
>> 	{ "br"  "Br" "sp3" }
>> 	{ "i"   "I"  "sp3" }
>> }
>> #
>> #	Load the general force field parameter set.
>> #
>> gaff = loadamberparams gaff.dat
Loading parameters: /home/guoj1/miniconda3/envs/sams/bin/../dat/leap/parm/gaff.dat
Reading title:
AMBER General Force Field for organic molecules (Version 1.8, Mar 2015)
> 
> rec = loadpdb ../01.chimera.mol.prep/2HYY_chainA_apo_minequi_noH.pdb
Loading PDB file: ../01.chimera.mol.prep/2HYY_chainA_apo_minequi_noH.pdb
Enter zPdbReadScan from call depth  0.
Exit  zPdbReadScan from call depth  0.
Matching PDB residue names to LEaP variables.
Mapped residue TRP, term: Terminal/beginning, seq. number: 0 to: NTRP.
(Residue 1: GLU, Nonterminal, was not found in name map.)
(Residue 2: MET, Nonterminal, was not found in name map.)
(Residue 3: GLU, Nonterminal, was not found in name map.)
(Residue 4: ARG, Nonterminal, was not found in name map.)
(Residue 5: THR, Nonterminal, was not found in name map.)
(Residue 6: ASP, Nonterminal, was not found in name map.)
(Residue 7: ILE, Nonterminal, was not found in name map.)
(Residue 8: THR, Nonterminal, was not found in name map.)
(Residue 9: MET, Nonterminal, was not found in name map.)
(Residue 10: LYS, Nonterminal, was not found in name map.)
(Residue 11: HIS, Nonterminal, was not found in name map.)
(Residue 12: LYS, Nonterminal, was not found in name map.)
(Residue 13: LEU, Nonterminal, was not found in name map.)
(Residue 14: GLY, Nonterminal, was not found in name map.)
(Residue 15: GLY, Nonterminal, was not found in name map.)
(Residue 16: GLY, Nonterminal, was not found in name map.)
(Residue 17: GLN, Nonterminal, was not found in name map.)
(Residue 18: TYR, Nonterminal, was not found in name map.)
(Residue 19: GLY, Nonterminal, was not found in name map.)
(Residue 20: GLU, Nonterminal, was not found in name map.)
(Residue 21: VAL, Nonterminal, was not found in name map.)
(Residue 22: TYR, Nonterminal, was not found in name map.)
(Residue 23: GLU, Nonterminal, was not found in name map.)
(Residue 24: GLY, Nonterminal, was not found in name map.)
(Residue 25: VAL, Nonterminal, was not found in name map.)
(Residue 26: TRP, Nonterminal, was not found in name map.)
(Residue 27: LYS, Nonterminal, was not found in name map.)
(Residue 28: LYS, Nonterminal, was not found in name map.)
(Residue 29: TYR, Nonterminal, was not found in name map.)
(Residue 30: SER, Nonterminal, was not found in name map.)
(Residue 31: LEU, Nonterminal, was not found in name map.)
(Residue 32: THR, Nonterminal, was not found in name map.)
(Residue 33: VAL, Nonterminal, was not found in name map.)
(Residue 34: ALA, Nonterminal, was not found in name map.)
(Residue 35: VAL, Nonterminal, was not found in name map.)
(Residue 36: LYS, Nonterminal, was not found in name map.)
(Residue 37: THR, Nonterminal, was not found in name map.)
(Residue 38: LEU, Nonterminal, was not found in name map.)
(Residue 39: LYS, Nonterminal, was not found in name map.)
(Residue 40: ASP, Nonterminal, was not found in name map.)
(Residue 41: THR, Nonterminal, was not found in name map.)
(Residue 42: MET, Nonterminal, was not found in name map.)
(Residue 43: GLU, Nonterminal, was not found in name map.)
(Residue 44: VAL, Nonterminal, was not found in name map.)
(Residue 45: GLU, Nonterminal, was not found in name map.)
(Residue 46: GLU, Nonterminal, was not found in name map.)
(Residue 47: PHE, Nonterminal, was not found in name map.)
(Residue 48: LEU, Nonterminal, was not found in name map.)
(Residue 49: LYS, Nonterminal, was not found in name map.)
(Residue 50: GLU, Nonterminal, was not found in name map.)
(Residue 51: ALA, Nonterminal, was not found in name map.)
(Residue 52: ALA, Nonterminal, was not found in name map.)
(Residue 53: VAL, Nonterminal, was not found in name map.)
(Residue 54: MET, Nonterminal, was not found in name map.)
(Residue 55: LYS, Nonterminal, was not found in name map.)
(Residue 56: GLU, Nonterminal, was not found in name map.)
(Residue 57: ILE, Nonterminal, was not found in name map.)
(Residue 58: LYS, Nonterminal, was not found in name map.)
(Residue 59: HIS, Nonterminal, was not found in name map.)
(Residue 60: PRO, Nonterminal, was not found in name map.)
(Residue 61: ASN, Nonterminal, was not found in name map.)
(Residue 62: LEU, Nonterminal, was not found in name map.)
(Residue 63: VAL, Nonterminal, was not found in name map.)
(Residue 64: GLN, Nonterminal, was not found in name map.)
(Residue 65: LEU, Nonterminal, was not found in name map.)
(Residue 66: LEU, Nonterminal, was not found in name map.)
(Residue 67: GLY, Nonterminal, was not found in name map.)
(Residue 68: VAL, Nonterminal, was not found in name map.)
(Residue 69: CYS, Nonterminal, was not found in name map.)
(Residue 70: THR, Nonterminal, was not found in name map.)
(Residue 71: ARG, Nonterminal, was not found in name map.)
(Residue 72: GLU, Nonterminal, was not found in name map.)
(Residue 73: PRO, Nonterminal, was not found in name map.)
(Residue 74: PRO, Nonterminal, was not found in name map.)
(Residue 75: PHE, Nonterminal, was not found in name map.)
(Residue 76: TYR, Nonterminal, was not found in name map.)
(Residue 77: ILE, Nonterminal, was not found in name map.)
(Residue 78: ILE, Nonterminal, was not found in name map.)
(Residue 79: THR, Nonterminal, was not found in name map.)
(Residue 80: GLU, Nonterminal, was not found in name map.)
(Residue 81: PHE, Nonterminal, was not found in name map.)
(Residue 82: MET, Nonterminal, was not found in name map.)
(Residue 83: THR, Nonterminal, was not found in name map.)
(Residue 84: TYR, Nonterminal, was not found in name map.)
(Residue 85: GLY, Nonterminal, was not found in name map.)
(Residue 86: ASN, Nonterminal, was not found in name map.)
(Residue 87: LEU, Nonterminal, was not found in name map.)
(Residue 88: LEU, Nonterminal, was not found in name map.)
(Residue 89: ASP, Nonterminal, was not found in name map.)
(Residue 90: TYR, Nonterminal, was not found in name map.)
(Residue 91: LEU, Nonterminal, was not found in name map.)
(Residue 92: ARG, Nonterminal, was not found in name map.)
(Residue 93: GLU, Nonterminal, was not found in name map.)
(Residue 94: CYS, Nonterminal, was not found in name map.)
(Residue 95: ASN, Nonterminal, was not found in name map.)
(Residue 96: ARG, Nonterminal, was not found in name map.)
(Residue 97: GLN, Nonterminal, was not found in name map.)
(Residue 98: GLU, Nonterminal, was not found in name map.)
(Residue 99: VAL, Nonterminal, was not found in name map.)
(Residue 100: ASN, Nonterminal, was not found in name map.)
(Residue 101: ALA, Nonterminal, was not found in name map.)
(Residue 102: VAL, Nonterminal, was not found in name map.)
(Residue 103: VAL, Nonterminal, was not found in name map.)
(Residue 104: LEU, Nonterminal, was not found in name map.)
(Residue 105: LEU, Nonterminal, was not found in name map.)
(Residue 106: TYR, Nonterminal, was not found in name map.)
(Residue 107: MET, Nonterminal, was not found in name map.)
(Residue 108: ALA, Nonterminal, was not found in name map.)
(Residue 109: THR, Nonterminal, was not found in name map.)
(Residue 110: GLN, Nonterminal, was not found in name map.)
(Residue 111: ILE, Nonterminal, was not found in name map.)
(Residue 112: SER, Nonterminal, was not found in name map.)
(Residue 113: SER, Nonterminal, was not found in name map.)
(Residue 114: ALA, Nonterminal, was not found in name map.)
(Residue 115: MET, Nonterminal, was not found in name map.)
(Residue 116: GLU, Nonterminal, was not found in name map.)
(Residue 117: TYR, Nonterminal, was not found in name map.)
(Residue 118: LEU, Nonterminal, was not found in name map.)
(Residue 119: GLU, Nonterminal, was not found in name map.)
(Residue 120: LYS, Nonterminal, was not found in name map.)
(Residue 121: LYS, Nonterminal, was not found in name map.)
(Residue 122: ASN, Nonterminal, was not found in name map.)
(Residue 123: PHE, Nonterminal, was not found in name map.)
(Residue 124: ILE, Nonterminal, was not found in name map.)
(Residue 125: HIS, Nonterminal, was not found in name map.)
(Residue 126: ARG, Nonterminal, was not found in name map.)
(Residue 127: ASP, Nonterminal, was not found in name map.)
(Residue 128: LEU, Nonterminal, was not found in name map.)
(Residue 129: ALA, Nonterminal, was not found in name map.)
(Residue 130: ALA, Nonterminal, was not found in name map.)
(Residue 131: ARG, Nonterminal, was not found in name map.)
(Residue 132: SER, Nonterminal, was not found in name map.)
(Residue 133: CYS, Nonterminal, was not found in name map.)
(Residue 134: LEU, Nonterminal, was not found in name map.)
(Residue 135: VAL, Nonterminal, was not found in name map.)
(Residue 136: GLY, Nonterminal, was not found in name map.)
(Residue 137: GLU, Nonterminal, was not found in name map.)
(Residue 138: ASN, Nonterminal, was not found in name map.)
(Residue 139: HIS, Nonterminal, was not found in name map.)
(Residue 140: LEU, Nonterminal, was not found in name map.)
(Residue 141: VAL, Nonterminal, was not found in name map.)
(Residue 142: LYS, Nonterminal, was not found in name map.)
(Residue 143: VAL, Nonterminal, was not found in name map.)
(Residue 144: ALA, Nonterminal, was not found in name map.)
(Residue 145: ASP, Nonterminal, was not found in name map.)
(Residue 146: PHE, Nonterminal, was not found in name map.)
(Residue 147: GLY, Nonterminal, was not found in name map.)
(Residue 148: LEU, Nonterminal, was not found in name map.)
(Residue 149: SER, Nonterminal, was not found in name map.)
(Residue 150: ARG, Nonterminal, was not found in name map.)
(Residue 151: LEU, Nonterminal, was not found in name map.)
(Residue 152: MET, Nonterminal, was not found in name map.)
(Residue 153: THR, Nonterminal, was not found in name map.)
(Residue 154: GLY, Nonterminal, was not found in name map.)
(Residue 155: ASP, Nonterminal, was not found in name map.)
(Residue 156: THR, Nonterminal, was not found in name map.)
(Residue 157: TYR, Nonterminal, was not found in name map.)
(Residue 158: THR, Nonterminal, was not found in name map.)
(Residue 159: ALA, Nonterminal, was not found in name map.)
(Residue 160: HIS, Nonterminal, was not found in name map.)
(Residue 161: ALA, Nonterminal, was not found in name map.)
(Residue 162: GLY, Nonterminal, was not found in name map.)
(Residue 163: ALA, Nonterminal, was not found in name map.)
(Residue 164: LYS, Nonterminal, was not found in name map.)
(Residue 165: PHE, Nonterminal, was not found in name map.)
(Residue 166: PRO, Nonterminal, was not found in name map.)
(Residue 167: ILE, Nonterminal, was not found in name map.)
(Residue 168: LYS, Nonterminal, was not found in name map.)
(Residue 169: TRP, Nonterminal, was not found in name map.)
(Residue 170: THR, Nonterminal, was not found in name map.)
(Residue 171: ALA, Nonterminal, was not found in name map.)
(Residue 172: PRO, Nonterminal, was not found in name map.)
(Residue 173: GLU, Nonterminal, was not found in name map.)
(Residue 174: SER, Nonterminal, was not found in name map.)
(Residue 175: LEU, Nonterminal, was not found in name map.)
(Residue 176: ALA, Nonterminal, was not found in name map.)
(Residue 177: TYR, Nonterminal, was not found in name map.)
(Residue 178: ASN, Nonterminal, was not found in name map.)
(Residue 179: LYS, Nonterminal, was not found in name map.)
(Residue 180: PHE, Nonterminal, was not found in name map.)
(Residue 181: SER, Nonterminal, was not found in name map.)
(Residue 182: ILE, Nonterminal, was not found in name map.)
(Residue 183: LYS, Nonterminal, was not found in name map.)
(Residue 184: SER, Nonterminal, was not found in name map.)
(Residue 185: ASP, Nonterminal, was not found in name map.)
(Residue 186: VAL, Nonterminal, was not found in name map.)
(Residue 187: TRP, Nonterminal, was not found in name map.)
(Residue 188: ALA, Nonterminal, was not found in name map.)
(Residue 189: PHE, Nonterminal, was not found in name map.)
(Residue 190: GLY, Nonterminal, was not found in name map.)
(Residue 191: VAL, Nonterminal, was not found in name map.)
(Residue 192: LEU, Nonterminal, was not found in name map.)
(Residue 193: LEU, Nonterminal, was not found in name map.)
(Residue 194: TRP, Nonterminal, was not found in name map.)
(Residue 195: GLU, Nonterminal, was not found in name map.)
(Residue 196: ILE, Nonterminal, was not found in name map.)
(Residue 197: ALA, Nonterminal, was not found in name map.)
(Residue 198: THR, Nonterminal, was not found in name map.)
(Residue 199: TYR, Nonterminal, was not found in name map.)
(Residue 200: GLY, Nonterminal, was not found in name map.)
(Residue 201: MET, Nonterminal, was not found in name map.)
(Residue 202: SER, Nonterminal, was not found in name map.)
(Residue 203: PRO, Nonterminal, was not found in name map.)
(Residue 204: TYR, Nonterminal, was not found in name map.)
(Residue 205: PRO, Nonterminal, was not found in name map.)
(Residue 206: GLY, Nonterminal, was not found in name map.)
(Residue 207: ILE, Nonterminal, was not found in name map.)
(Residue 208: ASP, Nonterminal, was not found in name map.)
(Residue 209: LEU, Nonterminal, was not found in name map.)
(Residue 210: SER, Nonterminal, was not found in name map.)
(Residue 211: GLN, Nonterminal, was not found in name map.)
(Residue 212: VAL, Nonterminal, was not found in name map.)
(Residue 213: TYR, Nonterminal, was not found in name map.)
(Residue 214: GLU, Nonterminal, was not found in name map.)
(Residue 215: LEU, Nonterminal, was not found in name map.)
(Residue 216: LEU, Nonterminal, was not found in name map.)
(Residue 217: GLU, Nonterminal, was not found in name map.)
(Residue 218: LYS, Nonterminal, was not found in name map.)
(Residue 219: ASP, Nonterminal, was not found in name map.)
(Residue 220: TYR, Nonterminal, was not found in name map.)
(Residue 221: ARG, Nonterminal, was not found in name map.)
(Residue 222: MET, Nonterminal, was not found in name map.)
(Residue 223: GLU, Nonterminal, was not found in name map.)
(Residue 224: ARG, Nonterminal, was not found in name map.)
(Residue 225: PRO, Nonterminal, was not found in name map.)
(Residue 226: GLU, Nonterminal, was not found in name map.)
(Residue 227: GLY, Nonterminal, was not found in name map.)
(Residue 228: CYS, Nonterminal, was not found in name map.)
(Residue 229: PRO, Nonterminal, was not found in name map.)
(Residue 230: GLU, Nonterminal, was not found in name map.)
(Residue 231: LYS, Nonterminal, was not found in name map.)
(Residue 232: VAL, Nonterminal, was not found in name map.)
(Residue 233: TYR, Nonterminal, was not found in name map.)
(Residue 234: GLU, Nonterminal, was not found in name map.)
(Residue 235: LEU, Nonterminal, was not found in name map.)
(Residue 236: MET, Nonterminal, was not found in name map.)
(Residue 237: ARG, Nonterminal, was not found in name map.)
(Residue 238: ALA, Nonterminal, was not found in name map.)
(Residue 239: CYS, Nonterminal, was not found in name map.)
(Residue 240: TRP, Nonterminal, was not found in name map.)
(Residue 241: GLN, Nonterminal, was not found in name map.)
(Residue 242: TRP, Nonterminal, was not found in name map.)
(Residue 243: ASN, Nonterminal, was not found in name map.)
(Residue 244: PRO, Nonterminal, was not found in name map.)
(Residue 245: SER, Nonterminal, was not found in name map.)
(Residue 246: ASP, Nonterminal, was not found in name map.)
(Residue 247: ARG, Nonterminal, was not found in name map.)
(Residue 248: PRO, Nonterminal, was not found in name map.)
(Residue 249: SER, Nonterminal, was not found in name map.)
(Residue 250: PHE, Nonterminal, was not found in name map.)
(Residue 251: ALA, Nonterminal, was not found in name map.)
(Residue 252: GLU, Nonterminal, was not found in name map.)
(Residue 253: ILE, Nonterminal, was not found in name map.)
(Residue 254: HIS, Nonterminal, was not found in name map.)
(Residue 255: GLN, Nonterminal, was not found in name map.)
(Residue 256: ALA, Nonterminal, was not found in name map.)
(Residue 257: PHE, Nonterminal, was not found in name map.)
(Residue 258: GLU, Nonterminal, was not found in name map.)
(Residue 259: THR, Nonterminal, was not found in name map.)
(Residue 260: MET, Nonterminal, was not found in name map.)
(Residue 261: PHE, Nonterminal, was not found in name map.)
Mapped residue GLN, term: Terminal/last, seq. number: 262 to: CGLN.
Joining NTRP - GLU
Joining GLU - MET
Joining MET - GLU
Joining GLU - ARG
Joining ARG - THR
Joining THR - ASP
Joining ASP - ILE
Joining ILE - THR
Joining THR - MET
Joining MET - LYS
Joining LYS - HIE
Joining HIE - LYS
Joining LYS - LEU
Joining LEU - GLY
Joining GLY - GLY
Joining GLY - GLY
Joining GLY - GLN
Joining GLN - TYR
Joining TYR - GLY
Joining GLY - GLU
Joining GLU - VAL
Joining VAL - TYR
Joining TYR - GLU
Joining GLU - GLY
Joining GLY - VAL
Joining VAL - TRP
Joining TRP - LYS
Joining LYS - LYS
Joining LYS - TYR
Joining TYR - SER
Joining SER - LEU
Joining LEU - THR
Joining THR - VAL
Joining VAL - ALA
Joining ALA - VAL
Joining VAL - LYS
Joining LYS - THR
Joining THR - LEU
Joining LEU - LYS
Joining LYS - ASP
Joining ASP - THR
Joining THR - MET
Joining MET - GLU
Joining GLU - VAL
Joining VAL - GLU
Joining GLU - GLU
Joining GLU - PHE
Joining PHE - LEU
Joining LEU - LYS
Joining LYS - GLU
Joining GLU - ALA
Joining ALA - ALA
Joining ALA - VAL
Joining VAL - MET
Joining MET - LYS
Joining LYS - GLU
Joining GLU - ILE
Joining ILE - LYS
Joining LYS - HIE
Joining HIE - PRO
Joining PRO - ASN
Joining ASN - LEU
Joining LEU - VAL
Joining VAL - GLN
Joining GLN - LEU
Joining LEU - LEU
Joining LEU - GLY
Joining GLY - VAL
Joining VAL - CYS
Joining CYS - THR
Joining THR - ARG
Joining ARG - GLU
Joining GLU - PRO
Joining PRO - PRO
Joining PRO - PHE
Joining PHE - TYR
Joining TYR - ILE
Joining ILE - ILE
Joining ILE - THR
Joining THR - GLU
Joining GLU - PHE
Joining PHE - MET
Joining MET - THR
Joining THR - TYR
Joining TYR - GLY
Joining GLY - ASN
Joining ASN - LEU
Joining LEU - LEU
Joining LEU - ASP
Joining ASP - TYR
Joining TYR - LEU
Joining LEU - ARG
Joining ARG - GLU
Joining GLU - CYS
Joining CYS - ASN
Joining ASN - ARG
Joining ARG - GLN
Joining GLN - GLU
Joining GLU - VAL
Joining VAL - ASN
Joining ASN - ALA
Joining ALA - VAL
Joining VAL - VAL
Joining VAL - LEU
Joining LEU - LEU
Joining LEU - TYR
Joining TYR - MET
Joining MET - ALA
Joining ALA - THR
Joining THR - GLN
Joining GLN - ILE
Joining ILE - SER
Joining SER - SER
Joining SER - ALA
Joining ALA - MET
Joining MET - GLU
Joining GLU - TYR
Joining TYR - LEU
Joining LEU - GLU
Joining GLU - LYS
Joining LYS - LYS
Joining LYS - ASN
Joining ASN - PHE
Joining PHE - ILE
Joining ILE - HIE
Joining HIE - ARG
Joining ARG - ASP
Joining ASP - LEU
Joining LEU - ALA
Joining ALA - ALA
Joining ALA - ARG
Joining ARG - SER
Joining SER - CYS
Joining CYS - LEU
Joining LEU - VAL
Joining VAL - GLY
Joining GLY - GLU
Joining GLU - ASN
Joining ASN - HIE
Joining HIE - LEU
Joining LEU - VAL
Joining VAL - LYS
Joining LYS - VAL
Joining VAL - ALA
Joining ALA - ASP
Joining ASP - PHE
Joining PHE - GLY
Joining GLY - LEU
Joining LEU - SER
Joining SER - ARG
Joining ARG - LEU
Joining LEU - MET
Joining MET - THR
Joining THR - GLY
Joining GLY - ASP
Joining ASP - THR
Joining THR - TYR
Joining TYR - THR
Joining THR - ALA
Joining ALA - HIE
Joining HIE - ALA
Joining ALA - GLY
Joining GLY - ALA
Joining ALA - LYS
Joining LYS - PHE
Joining PHE - PRO
Joining PRO - ILE
Joining ILE - LYS
Joining LYS - TRP
Joining TRP - THR
Joining THR - ALA
Joining ALA - PRO
Joining PRO - GLU
Joining GLU - SER
Joining SER - LEU
Joining LEU - ALA
Joining ALA - TYR
Joining TYR - ASN
Joining ASN - LYS
Joining LYS - PHE
Joining PHE - SER
Joining SER - ILE
Joining ILE - LYS
Joining LYS - SER
Joining SER - ASP
Joining ASP - VAL
Joining VAL - TRP
Joining TRP - ALA
Joining ALA - PHE
Joining PHE - GLY
Joining GLY - VAL
Joining VAL - LEU
Joining LEU - LEU
Joining LEU - TRP
Joining TRP - GLU
Joining GLU - ILE
Joining ILE - ALA
Joining ALA - THR
Joining THR - TYR
Joining TYR - GLY
Joining GLY - MET
Joining MET - SER
Joining SER - PRO
Joining PRO - TYR
Joining TYR - PRO
Joining PRO - GLY
Joining GLY - ILE
Joining ILE - ASP
Joining ASP - LEU
Joining LEU - SER
Joining SER - GLN
Joining GLN - VAL
Joining VAL - TYR
Joining TYR - GLU
Joining GLU - LEU
Joining LEU - LEU
Joining LEU - GLU
Joining GLU - LYS
Joining LYS - ASP
Joining ASP - TYR
Joining TYR - ARG
Joining ARG - MET
Joining MET - GLU
Joining GLU - ARG
Joining ARG - PRO
Joining PRO - GLU
Joining GLU - GLY
Joining GLY - CYS
Joining CYS - PRO
Joining PRO - GLU
Joining GLU - LYS
Joining LYS - VAL
Joining VAL - TYR
Joining TYR - GLU
Joining GLU - LEU
Joining LEU - MET
Joining MET - ARG
Joining ARG - ALA
Joining ALA - CYS
Joining CYS - TRP
Joining TRP - GLN
Joining GLN - TRP
Joining TRP - ASN
Joining ASN - PRO
Joining PRO - SER
Joining SER - ASP
Joining ASP - ARG
Joining ARG - PRO
Joining PRO - SER
Joining SER - PHE
Joining PHE - ALA
Joining ALA - GLU
Joining GLU - ILE
Joining ILE - HIE
Joining HIE - GLN
Joining GLN - ALA
Joining ALA - PHE
Joining PHE - GLU
Joining GLU - THR
Joining THR - MET
Joining MET - PHE
Joining PHE - CGLN
  total atoms in file: 2142
  Leap added 2106 missing atoms according to residue templates:
       2106 H / lone pairs
> loadamberparams lig.ante.frcmod
Loading parameters: ./lig.ante.frcmod
Reading force field modification type file (frcmod)
Reading title:
remark goes here
> loadamberprep lig.ante.prep
Loading Prep file: ./lig.ante.prep
Loaded UNIT: STI
> lig = loadpdb lig.ante.pdb
Loading PDB file: ./lig.ante.pdb
Enter zPdbReadScan from call depth  0.
Exit  zPdbReadScan from call depth  0.
Matching PDB residue names to LEaP variables.
(Residue 0: STI, Terminal/last, was not found in name map.)
  total atoms in file: 70
> com = combine {rec lig}
  Sequence: default_name
  Sequence: default_name
> saveamberparm com 2HYY.com.gas.leap.prmtop 2HYY.com.gas.leap.inpcrd
Checking Unit.
WARNING: The unperturbed charge of the unit: -5.000500 is not zero.

 -- ignoring the warning.

Building topology.
Building atom parameters.
Building bond parameters.
Building angle parameters.
Building proper torsion parameters.
Building improper torsion parameters.
 ** Warning: No sp2 improper torsion term for  NA-CA-CN-CB
        atoms are: NE1 CZ2 CE2 CD2
 ** Warning: No sp2 improper torsion term for  C*-CN-CB-CA
        atoms are: CG CE2 CD2 CE3
 ** Warning: No sp2 improper torsion term for  NA-CA-CN-CB
        atoms are: NE1 CZ2 CE2 CD2
 ** Warning: No sp2 improper torsion term for  C*-CN-CB-CA
        atoms are: CG CE2 CD2 CE3
 ** Warning: No sp2 improper torsion term for  NA-CA-CN-CB
        atoms are: NE1 CZ2 CE2 CD2
 ** Warning: No sp2 improper torsion term for  C*-CN-CB-CA
        atoms are: CG CE2 CD2 CE3
 ** Warning: No sp2 improper torsion term for  NA-CA-CN-CB
        atoms are: NE1 CZ2 CE2 CD2
 ** Warning: No sp2 improper torsion term for  C*-CN-CB-CA
        atoms are: CG CE2 CD2 CE3
 ** Warning: No sp2 improper torsion term for  NA-CA-CN-CB
        atoms are: NE1 CZ2 CE2 CD2
 ** Warning: No sp2 improper torsion term for  C*-CN-CB-CA
        atoms are: CG CE2 CD2 CE3
 ** Warning: No sp2 improper torsion term for  NA-CA-CN-CB
        atoms are: NE1 CZ2 CE2 CD2
 ** Warning: No sp2 improper torsion term for  C*-CN-CB-CA
        atoms are: CG CE2 CD2 CE3
 ** Warning: No sp2 improper torsion term for  NA-CA-CN-CB
        atoms are: NE1 CZ2 CE2 CD2
 ** Warning: No sp2 improper torsion term for  C*-CN-CB-CA
        atoms are: CG CE2 CD2 CE3
old PREP-specified impropers:
 <STI 498>:  C1   C5   C6   H6  
 <STI 498>:  C6   C2   C1   H1  
 <STI 498>:  C1   H2   C2   N3  
 <STI 498>:  C5   H4   C4   N3  
 <STI 498>:  C4   C6   C5   C7  
 <STI 498>:  C12  C5   C7   N8  
 <STI 498>:  C11  C7   C12  H12 
 <STI 498>:  C12  H11  C11  N10 
 <STI 498>:  N8   N10  C9   N13 
 <STI 498>:  C9   C14  N13  H13 
 <STI 498>:  C15  C19  C14  N13 
 <STI 498>:  C14  C16  C15  H15 
 <STI 498>:  C20  C14  C19  C18 
 <STI 498>:  C19  C17  C18  H18 
 <STI 498>:  C18  C16  C17  H17 
 <STI 498>:  C15  C17  C16  N21 
 <STI 498>:  C22  C16  N21  H21 
 <STI 498>:  C23  N21  C22  O29 
 <STI 498>:  C22  C29  C23  C25 
 <STI 498>:  C23  C28  C29  H29 
 <STI 498>:  C29  C27  C28  H28 
 <STI 498>:  C23  C26  C25  H25 
 <STI 498>:  C25  C27  C26  H26 
 <STI 498>:  C46  C28  C27  C26 
 total 890 improper torsions applied
 24 improper torsions in old prep form
Building H-Bond parameters.
Incorporating Non-Bonded adjustments.
Not Marking per-residue atom chain types.
Marking per-residue atom chain types.
  (Residues lacking connect0/connect1 - 
   these don't have chain types marked:

	res	total affected

	CGLN	1
	NTRP	1
  )
 (no restraints)
> solvateBox com TIP3PBOX 10.0
  Solute vdw bounding box:              40.916 64.903 59.564
  Total bounding box for atom centers:  60.916 84.903 79.564
  Solvent unit box:                     18.774 18.774 18.774
The number of boxes:  x= 4  y= 5  z= 5
Adding box at: x=0  y=0  z=0
Center of solvent box is: 28.161524, 37.548698, 37.548698
Adding box at: x=0  y=0  z=1
Center of solvent box is: 28.161524, 37.548698, 18.774349
Adding box at: x=0  y=0  z=2
Center of solvent box is: 28.161524, 37.548698, 0.000000
Adding box at: x=0  y=0  z=3
Center of solvent box is: 28.161524, 37.548698, -18.774349
Adding box at: x=0  y=0  z=4
Center of solvent box is: 28.161524, 37.548698, -37.548698
Adding box at: x=0  y=1  z=0
Center of solvent box is: 28.161524, 18.774349, 37.548698
Adding box at: x=0  y=1  z=1
Center of solvent box is: 28.161524, 18.774349, 18.774349
Adding box at: x=0  y=1  z=2
Center of solvent box is: 28.161524, 18.774349, 0.000000
Adding box at: x=0  y=1  z=3
Center of solvent box is: 28.161524, 18.774349, -18.774349
Adding box at: x=0  y=1  z=4
Center of solvent box is: 28.161524, 18.774349, -37.548698
Adding box at: x=0  y=2  z=0
Center of solvent box is: 28.161524, 0.000000, 37.548698
Adding box at: x=0  y=2  z=1
Center of solvent box is: 28.161524, 0.000000, 18.774349
Adding box at: x=0  y=2  z=2
Center of solvent box is: 28.161524, 0.000000, 0.000000
Adding box at: x=0  y=2  z=3
Center of solvent box is: 28.161524, 0.000000, -18.774349
Adding box at: x=0  y=2  z=4
Center of solvent box is: 28.161524, 0.000000, -37.548698
Adding box at: x=0  y=3  z=0
Center of solvent box is: 28.161524, -18.774349, 37.548698
Adding box at: x=0  y=3  z=1
Center of solvent box is: 28.161524, -18.774349, 18.774349
Adding box at: x=0  y=3  z=2
Center of solvent box is: 28.161524, -18.774349, 0.000000
Adding box at: x=0  y=3  z=3
Center of solvent box is: 28.161524, -18.774349, -18.774349
Adding box at: x=0  y=3  z=4
Center of solvent box is: 28.161524, -18.774349, -37.548698
Adding box at: x=0  y=4  z=0
Center of solvent box is: 28.161524, -37.548698, 37.548698
Adding box at: x=0  y=4  z=1
Center of solvent box is: 28.161524, -37.548698, 18.774349
Adding box at: x=0  y=4  z=2
Center of solvent box is: 28.161524, -37.548698, 0.000000
Adding box at: x=0  y=4  z=3
Center of solvent box is: 28.161524, -37.548698, -18.774349
Adding box at: x=0  y=4  z=4
Center of solvent box is: 28.161524, -37.548698, -37.548698
Adding box at: x=1  y=0  z=0
Center of solvent box is: 9.387175, 37.548698, 37.548698
Adding box at: x=1  y=0  z=1
Center of solvent box is: 9.387175, 37.548698, 18.774349
Adding box at: x=1  y=0  z=2
Center of solvent box is: 9.387175, 37.548698, 0.000000
Adding box at: x=1  y=0  z=3
Center of solvent box is: 9.387175, 37.548698, -18.774349
Adding box at: x=1  y=0  z=4
Center of solvent box is: 9.387175, 37.548698, -37.548698
Adding box at: x=1  y=1  z=0
Center of solvent box is: 9.387175, 18.774349, 37.548698
Adding box at: x=1  y=1  z=1
Center of solvent box is: 9.387175, 18.774349, 18.774349
Adding box at: x=1  y=1  z=2
Center of solvent box is: 9.387175, 18.774349, 0.000000
Adding box at: x=1  y=1  z=3
Center of solvent box is: 9.387175, 18.774349, -18.774349
Adding box at: x=1  y=1  z=4
Center of solvent box is: 9.387175, 18.774349, -37.548698
Adding box at: x=1  y=2  z=0
Center of solvent box is: 9.387175, 0.000000, 37.548698
Adding box at: x=1  y=2  z=1
Center of solvent box is: 9.387175, 0.000000, 18.774349
Adding box at: x=1  y=2  z=2
Center of solvent box is: 9.387175, 0.000000, 0.000000
Adding box at: x=1  y=2  z=3
Center of solvent box is: 9.387175, 0.000000, -18.774349
Adding box at: x=1  y=2  z=4
Center of solvent box is: 9.387175, 0.000000, -37.548698
Adding box at: x=1  y=3  z=0
Center of solvent box is: 9.387175, -18.774349, 37.548698
Adding box at: x=1  y=3  z=1
Center of solvent box is: 9.387175, -18.774349, 18.774349
Adding box at: x=1  y=3  z=2
Center of solvent box is: 9.387175, -18.774349, 0.000000
Adding box at: x=1  y=3  z=3
Center of solvent box is: 9.387175, -18.774349, -18.774349
Adding box at: x=1  y=3  z=4
Center of solvent box is: 9.387175, -18.774349, -37.548698
Adding box at: x=1  y=4  z=0
Center of solvent box is: 9.387175, -37.548698, 37.548698
Adding box at: x=1  y=4  z=1
Center of solvent box is: 9.387175, -37.548698, 18.774349
Adding box at: x=1  y=4  z=2
Center of solvent box is: 9.387175, -37.548698, 0.000000
Adding box at: x=1  y=4  z=3
Center of solvent box is: 9.387175, -37.548698, -18.774349
Adding box at: x=1  y=4  z=4
Center of solvent box is: 9.387175, -37.548698, -37.548698
Adding box at: x=2  y=0  z=0
Center of solvent box is: -9.387175, 37.548698, 37.548698
Adding box at: x=2  y=0  z=1
Center of solvent box is: -9.387175, 37.548698, 18.774349
Adding box at: x=2  y=0  z=2
Center of solvent box is: -9.387175, 37.548698, 0.000000
Adding box at: x=2  y=0  z=3
Center of solvent box is: -9.387175, 37.548698, -18.774349
Adding box at: x=2  y=0  z=4
Center of solvent box is: -9.387175, 37.548698, -37.548698
Adding box at: x=2  y=1  z=0
Center of solvent box is: -9.387175, 18.774349, 37.548698
Adding box at: x=2  y=1  z=1
Center of solvent box is: -9.387175, 18.774349, 18.774349
Adding box at: x=2  y=1  z=2
Center of solvent box is: -9.387175, 18.774349, 0.000000
Adding box at: x=2  y=1  z=3
Center of solvent box is: -9.387175, 18.774349, -18.774349
Adding box at: x=2  y=1  z=4
Center of solvent box is: -9.387175, 18.774349, -37.548698
Adding box at: x=2  y=2  z=0
Center of solvent box is: -9.387175, 0.000000, 37.548698
Adding box at: x=2  y=2  z=1
Center of solvent box is: -9.387175, 0.000000, 18.774349
Adding box at: x=2  y=2  z=2
Center of solvent box is: -9.387175, 0.000000, 0.000000
Adding box at: x=2  y=2  z=3
Center of solvent box is: -9.387175, 0.000000, -18.774349
Adding box at: x=2  y=2  z=4
Center of solvent box is: -9.387175, 0.000000, -37.548698
Adding box at: x=2  y=3  z=0
Center of solvent box is: -9.387175, -18.774349, 37.548698
Adding box at: x=2  y=3  z=1
Center of solvent box is: -9.387175, -18.774349, 18.774349
Adding box at: x=2  y=3  z=2
Center of solvent box is: -9.387175, -18.774349, 0.000000
Adding box at: x=2  y=3  z=3
Center of solvent box is: -9.387175, -18.774349, -18.774349
Adding box at: x=2  y=3  z=4
Center of solvent box is: -9.387175, -18.774349, -37.548698
Adding box at: x=2  y=4  z=0
Center of solvent box is: -9.387175, -37.548698, 37.548698
Adding box at: x=2  y=4  z=1
Center of solvent box is: -9.387175, -37.548698, 18.774349
Adding box at: x=2  y=4  z=2
Center of solvent box is: -9.387175, -37.548698, 0.000000
Adding box at: x=2  y=4  z=3
Center of solvent box is: -9.387175, -37.548698, -18.774349
Adding box at: x=2  y=4  z=4
Center of solvent box is: -9.387175, -37.548698, -37.548698
Adding box at: x=3  y=0  z=0
Center of solvent box is: -28.161524, 37.548698, 37.548698
Adding box at: x=3  y=0  z=1
Center of solvent box is: -28.161524, 37.548698, 18.774349
Adding box at: x=3  y=0  z=2
Center of solvent box is: -28.161524, 37.548698, 0.000000
Adding box at: x=3  y=0  z=3
Center of solvent box is: -28.161524, 37.548698, -18.774349
Adding box at: x=3  y=0  z=4
Center of solvent box is: -28.161524, 37.548698, -37.548698
Adding box at: x=3  y=1  z=0
Center of solvent box is: -28.161524, 18.774349, 37.548698
Adding box at: x=3  y=1  z=1
Center of solvent box is: -28.161524, 18.774349, 18.774349
Adding box at: x=3  y=1  z=2
Center of solvent box is: -28.161524, 18.774349, 0.000000
Adding box at: x=3  y=1  z=3
Center of solvent box is: -28.161524, 18.774349, -18.774349
Adding box at: x=3  y=1  z=4
Center of solvent box is: -28.161524, 18.774349, -37.548698
Adding box at: x=3  y=2  z=0
Center of solvent box is: -28.161524, 0.000000, 37.548698
Adding box at: x=3  y=2  z=1
Center of solvent box is: -28.161524, 0.000000, 18.774349
Adding box at: x=3  y=2  z=2
Center of solvent box is: -28.161524, 0.000000, 0.000000
Adding box at: x=3  y=2  z=3
Center of solvent box is: -28.161524, 0.000000, -18.774349
Adding box at: x=3  y=2  z=4
Center of solvent box is: -28.161524, 0.000000, -37.548698
Adding box at: x=3  y=3  z=0
Center of solvent box is: -28.161524, -18.774349, 37.548698
Adding box at: x=3  y=3  z=1
Center of solvent box is: -28.161524, -18.774349, 18.774349
Adding box at: x=3  y=3  z=2
Center of solvent box is: -28.161524, -18.774349, 0.000000
Adding box at: x=3  y=3  z=3
Center of solvent box is: -28.161524, -18.774349, -18.774349
Adding box at: x=3  y=3  z=4
Center of solvent box is: -28.161524, -18.774349, -37.548698
Adding box at: x=3  y=4  z=0
Center of solvent box is: -28.161524, -37.548698, 37.548698
Adding box at: x=3  y=4  z=1
Center of solvent box is: -28.161524, -37.548698, 18.774349
Adding box at: x=3  y=4  z=2
Center of solvent box is: -28.161524, -37.548698, 0.000000
Adding box at: x=3  y=4  z=3
Center of solvent box is: -28.161524, -37.548698, -18.774349
Adding box at: x=3  y=4  z=4
Center of solvent box is: -28.161524, -37.548698, -37.548698
  Total vdw box size:                   63.450 88.108 82.515 angstroms.
  Volume: 461291.906 A^3 
  Total mass 227653.490 amu,  Density 0.820 g/cc
  Added 10918 residues.
> addIons com Na+ 5
Adding 5 counter ions to "com" using 1A grid
Total solute charge:  -5.00  Max atom radius:   2.00
Grid extends from solute vdw + 1.37  to  7.37
Box:
   enclosing:  -26.53 -38.41 -35.61   26.23 38.26 35.64
   sized:			      101.47 89.59 92.39
   edge:        128.00
Resolution:      1.00 Angstrom.
Tree depth: 7
grid build: 0 sec
Volume =  2.78% of box, grid points 58247
Solvent present: replacing closest with ion
	 when steric overlaps occur
Calculating grid charges
charges: 5 sec
(Replacing solvent molecule)
Placed Na+ in com at (21.67, -3.95, -8.11).
(Replacing solvent molecule)
Placed Na+ in com at (-3.98, -4.18, -18.68).
(Replacing solvent molecule)
Placed Na+ in com at (2.55, 29.65, 9.71).
(Replacing solvent molecule)
Placed Na+ in com at (3.60, 4.68, -29.81).
(Replacing solvent molecule)
Placed Na+ in com at (-2.26, 25.90, -7.22).

Done adding ions.
> charge com
Total unperturbed charge:  -0.000500
Total perturbed charge:    -0.000500
> saveamberparm com 2HYY.com.wat.leap.prmtop 2HYY.com.wat.leap.inpcrd
Checking Unit.
Building topology.
Building atom parameters.
Building bond parameters.
Building angle parameters.
Building proper torsion parameters.
Building improper torsion parameters.
 ** Warning: No sp2 improper torsion term for  NA-CA-CN-CB
        atoms are: NE1 CZ2 CE2 CD2
 ** Warning: No sp2 improper torsion term for  C*-CN-CB-CA
        atoms are: CG CE2 CD2 CE3
 ** Warning: No sp2 improper torsion term for  NA-CA-CN-CB
        atoms are: NE1 CZ2 CE2 CD2
 ** Warning: No sp2 improper torsion term for  C*-CN-CB-CA
        atoms are: CG CE2 CD2 CE3
 ** Warning: No sp2 improper torsion term for  NA-CA-CN-CB
        atoms are: NE1 CZ2 CE2 CD2
 ** Warning: No sp2 improper torsion term for  C*-CN-CB-CA
        atoms are: CG CE2 CD2 CE3
 ** Warning: No sp2 improper torsion term for  NA-CA-CN-CB
        atoms are: NE1 CZ2 CE2 CD2
 ** Warning: No sp2 improper torsion term for  C*-CN-CB-CA
        atoms are: CG CE2 CD2 CE3
 ** Warning: No sp2 improper torsion term for  NA-CA-CN-CB
        atoms are: NE1 CZ2 CE2 CD2
 ** Warning: No sp2 improper torsion term for  C*-CN-CB-CA
        atoms are: CG CE2 CD2 CE3
 ** Warning: No sp2 improper torsion term for  NA-CA-CN-CB
        atoms are: NE1 CZ2 CE2 CD2
 ** Warning: No sp2 improper torsion term for  C*-CN-CB-CA
        atoms are: CG CE2 CD2 CE3
 ** Warning: No sp2 improper torsion term for  NA-CA-CN-CB
        atoms are: NE1 CZ2 CE2 CD2
 ** Warning: No sp2 improper torsion term for  C*-CN-CB-CA
        atoms are: CG CE2 CD2 CE3
old PREP-specified impropers:
 <STI 498>:  C1   C5   C6   H6  
 <STI 498>:  C6   C2   C1   H1  
 <STI 498>:  C1   H2   C2   N3  
 <STI 498>:  C5   H4   C4   N3  
 <STI 498>:  C4   C6   C5   C7  
 <STI 498>:  C12  C5   C7   N8  
 <STI 498>:  C11  C7   C12  H12 
 <STI 498>:  C12  H11  C11  N10 
 <STI 498>:  N8   N10  C9   N13 
 <STI 498>:  C9   C14  N13  H13 
 <STI 498>:  C15  C19  C14  N13 
 <STI 498>:  C14  C16  C15  H15 
 <STI 498>:  C20  C14  C19  C18 
 <STI 498>:  C19  C17  C18  H18 
 <STI 498>:  C18  C16  C17  H17 
 <STI 498>:  C15  C17  C16  N21 
 <STI 498>:  C22  C16  N21  H21 
 <STI 498>:  C23  N21  C22  O29 
 <STI 498>:  C22  C29  C23  C25 
 <STI 498>:  C23  C28  C29  H29 
 <STI 498>:  C29  C27  C28  H28 
 <STI 498>:  C23  C26  C25  H25 
 <STI 498>:  C25  C27  C26  H26 
 <STI 498>:  C46  C28  C27  C26 
 total 890 improper torsions applied
 24 improper torsions in old prep form
Building H-Bond parameters.
Incorporating Non-Bonded adjustments.
Not Marking per-residue atom chain types.
Marking per-residue atom chain types.
  (Residues lacking connect0/connect1 - 
   these don't have chain types marked:

	res	total affected

	CGLN	1
	NTRP	1
	WAT	10913
  )
 (no restraints)
> quit
	Quit
